2024-06-20 01:05:54,803 [INFO] Activator:178 - 


2024-06-20 01:05:54,803 [INFO] Activator:179 - !SESSION log4j initialized
2024-06-20 01:06:00,552 [ERROR] LogOutputStream:74 - [STDERR_REDIRECT] [Fatal Error] :1:1: Premature end of file.
2024-06-20 01:06:00,552 [ERROR] LogOutputStream:74 - [STDERR_REDIRECT] 
2024-06-20 01:06:00,630 [ERROR] LogOutputStream:74 - [STDERR_REDIRECT] [Fatal Error] :1:1: Premature end of file.
2024-06-20 01:06:00,630 [ERROR] LogOutputStream:74 - [STDERR_REDIRECT] 
2024-06-20 01:06:00,684 [ERROR] LogOutputStream:74 - [STDERR_REDIRECT] [Fatal Error] :1:1: Premature end of file.
2024-06-20 01:06:00,699 [ERROR] LogOutputStream:74 - [STDERR_REDIRECT] 
2024-06-20 01:06:09,583 [ERROR] LogOutputStream:74 - [STDERR_REDIRECT] [Fatal Error] :1:1: Premature end of file.
2024-06-20 01:06:09,583 [ERROR] LogOutputStream:74 - [STDERR_REDIRECT] 
2024-06-20 01:06:09,662 [ERROR] LogOutputStream:74 - [STDERR_REDIRECT] [Fatal Error] :1:1: Premature end of file.
2024-06-20 01:06:09,662 [ERROR] LogOutputStream:74 - [STDERR_REDIRECT] 
2024-06-20 01:06:09,724 [ERROR] LogOutputStream:74 - [STDERR_REDIRECT] [Fatal Error] :1:1: Premature end of file.
2024-06-20 01:06:09,724 [ERROR] LogOutputStream:74 - [STDERR_REDIRECT] 
2024-06-20 01:06:09,787 [ERROR] LogOutputStream:74 - [STDERR_REDIRECT] [Fatal Error] :1:1: Premature end of file.
2024-06-20 01:06:09,787 [ERROR] LogOutputStream:74 - [STDERR_REDIRECT] 
2024-06-20 01:06:09,849 [ERROR] LogOutputStream:74 - [STDERR_REDIRECT] [Fatal Error] :1:1: Premature end of file.
2024-06-20 01:06:09,849 [ERROR] LogOutputStream:74 - [STDERR_REDIRECT] 
2024-06-20 01:06:09,911 [ERROR] LogOutputStream:74 - [STDERR_REDIRECT] [Fatal Error] :1:1: Premature end of file.
2024-06-20 01:06:09,911 [ERROR] LogOutputStream:74 - [STDERR_REDIRECT] 
2024-06-20 01:06:09,990 [ERROR] LogOutputStream:74 - [STDERR_REDIRECT] [Fatal Error] :1:1: Premature end of file.
2024-06-20 01:06:09,990 [ERROR] LogOutputStream:74 - [STDERR_REDIRECT] 
2024-06-20 01:06:10,054 [ERROR] LogOutputStream:74 - [STDERR_REDIRECT] [Fatal Error] :1:1: Premature end of file.
2024-06-20 01:06:10,054 [ERROR] LogOutputStream:74 - [STDERR_REDIRECT] 
2024-06-20 01:06:10,116 [ERROR] LogOutputStream:74 - [STDERR_REDIRECT] [Fatal Error] :1:1: Premature end of file.
2024-06-20 01:06:10,116 [ERROR] LogOutputStream:74 - [STDERR_REDIRECT] 
2024-06-20 01:06:10,194 [ERROR] LogOutputStream:74 - [STDERR_REDIRECT] [Fatal Error] :1:1: Premature end of file.
2024-06-20 01:06:10,194 [ERROR] LogOutputStream:74 - [STDERR_REDIRECT] 
2024-06-20 01:06:10,257 [ERROR] LogOutputStream:74 - [STDERR_REDIRECT] [Fatal Error] :1:1: Premature end of file.
2024-06-20 01:06:10,257 [ERROR] LogOutputStream:74 - [STDERR_REDIRECT] 
2024-06-20 01:06:10,320 [ERROR] LogOutputStream:74 - [STDERR_REDIRECT] [Fatal Error] :1:1: Premature end of file.
2024-06-20 01:06:10,320 [ERROR] LogOutputStream:74 - [STDERR_REDIRECT] 
2024-06-20 01:06:11,282 [INFO] RetryExec:97 - I/O exception (java.net.SocketException) caught when processing request to {s}->https://sw-center.st.com:443: Socket Closed
2024-06-20 01:06:11,282 [INFO] RetryExec:113 - Retrying request to {s}->https://sw-center.st.com:443
