01:20:36 **** Rebuild of configuration Debug for project homework_5_structures ****
Info: Configuration "Debug" uses tool-chain "MinGW GCC" that is unsupported on this system, attempting to build anyway.
Info: Internal Builder is used for build
gcc -O0 -g3 -Wall -c -fmessage-length=0 -o ex_2.o "..\\ex_2.c" 
gcc -O0 -g3 -Wall -c -fmessage-length=0 -o ex_3.o "..\\ex_3.c" 
gcc -O0 -g3 -Wall -c -fmessage-length=0 -o ex_4.o "..\\ex_4.c" 
..\ex_4.c: In function 'ex_4':
..\ex_4.c:48:41: warning: unknown escape sequence: '\D'
   48 |         printf("\Display inforamtion \n");
      |                                         ^
gcc -O0 -g3 -Wall -c -fmessage-length=0 -o ex_6.o "..\\ex_6.c" 
gcc -O0 -g3 -Wall -c -fmessage-length=0 -o ex_1.o "..\\ex_1.c" 
..\ex_1.c: In function 'ex_1':
..\ex_1.c:40:41: warning: unknown escape sequence: '\D'
   40 |         printf("\Display inforamtion \n");
      |                                         ^
gcc -O0 -g3 -Wall -c -fmessage-length=0 -o ex_5.o "..\\ex_5.c" 
gcc -O0 -g3 -Wall -c -fmessage-length=0 -o main.o "..\\main.c" 
gcc -o homework_5_structures.exe ex_1.o ex_2.o ex_3.o ex_4.o ex_5.o ex_6.o main.o 
Info: Nothing to build for homework_5_structures
Info: Nothing to build for homework_5_structures
Info: Nothing to build for homework_5_structures
Info: Nothing to build for homework_5_structures
